2025-04-10T09:32:58.170+09:00  INFO 14448 --- [ex01] [restartedMain] com.example.ex01.Ex01Application         : Starting Ex01Application using Java 17.0.13 with PID 14448 (C:\MyWs\11_spring_boot\ex01\build\classes\java\main started by hi in C:\MyWs\11_spring_boot\ex01)
2025-04-10T09:32:58.176+09:00 DEBUG 14448 --- [ex01] [restartedMain] com.example.ex01.Ex01Application         : Running with Spring Boot v3.4.4, Spring v6.2.5
2025-04-10T09:32:58.177+09:00  INFO 14448 --- [ex01] [restartedMain] com.example.ex01.Ex01Application         : No active profile set, falling back to 1 default profile: "default"
2025-04-10T09:32:58.233+09:00  INFO 14448 --- [ex01] [restartedMain] .e.DevToolsPropertyDefaultsPostProcessor : Devtools property defaults active! Set 'spring.devtools.add-properties' to 'false' to disable
2025-04-10T09:32:58.233+09:00  INFO 14448 --- [ex01] [restartedMain] .e.DevToolsPropertyDefaultsPostProcessor : For additional web related logging consider setting the 'logging.level.web' property to 'DEBUG'
2025-04-10T09:32:59.385+09:00  INFO 14448 --- [ex01] [restartedMain] o.s.b.w.embedded.tomcat.TomcatWebServer  : Tomcat initialized with port 8080 (http)
2025-04-10T09:32:59.405+09:00  INFO 14448 --- [ex01] [restartedMain] o.apache.catalina.core.StandardService   : Starting service [Tomcat]
2025-04-10T09:32:59.405+09:00  INFO 14448 --- [ex01] [restartedMain] o.apache.catalina.core.StandardEngine    : Starting Servlet engine: [Apache Tomcat/10.1.39]
2025-04-10T09:32:59.462+09:00  INFO 14448 --- [ex01] [restartedMain] o.a.c.c.C.[Tomcat].[localhost].[/]       : Initializing Spring embedded WebApplicationContext
2025-04-10T09:32:59.463+09:00  INFO 14448 --- [ex01] [restartedMain] w.s.c.ServletWebServerApplicationContext : Root WebApplicationContext: initialization completed in 1229 ms
2025-04-10T09:32:59.888+09:00  INFO 14448 --- [ex01] [restartedMain] o.s.b.d.a.OptionalLiveReloadServer       : LiveReload server is running on port 35729
2025-04-10T09:32:59.920+09:00  INFO 14448 --- [ex01] [restartedMain] o.s.b.w.embedded.tomcat.TomcatWebServer  : Tomcat started on port 8080 (http) with context path '/'
2025-04-10T09:32:59.928+09:00  INFO 14448 --- [ex01] [restartedMain] com.example.ex01.Ex01Application         : Started Ex01Application in 2.344 seconds (process running for 3.224)
2025-04-10T09:33:08.359+09:00  INFO 14448 --- [ex01] [http-nio-8080-exec-1] o.a.c.c.C.[Tomcat].[localhost].[/]       : Initializing Spring DispatcherServlet 'dispatcherServlet'
2025-04-10T09:33:08.359+09:00  INFO 14448 --- [ex01] [http-nio-8080-exec-1] o.s.web.servlet.DispatcherServlet        : Initializing Servlet 'dispatcherServlet'
2025-04-10T09:33:08.360+09:00  INFO 14448 --- [ex01] [http-nio-8080-exec-1] o.s.web.servlet.DispatcherServlet        : Completed initialization in 1 ms
2025-04-10T09:39:09.835+09:00 DEBUG 14448 --- [ex01] [http-nio-8080-exec-7] c.e.ex01.controller.MemberController     : login dto : MemberDTO(username=aaa, password=aaa, role=null)
2025-04-10T09:44:19.442+09:00 DEBUG 14448 --- [ex01] [http-nio-8080-exec-6] c.e.ex01.controller.MemberController     : login dto : MemberDTO(username=bbb, password=bbb, role=null)
2025-04-10T09:52:03.657+09:00 DEBUG 14448 --- [ex01] [http-nio-8080-exec-10] c.e.ex01.controller.MemberController     : delete bbb
2025-04-10T09:57:03.926+09:00  WARN 14448 --- [ex01] [http-nio-8080-exec-6] .w.s.m.s.DefaultHandlerExceptionResolver : Resolved [org.springframework.web.HttpRequestMethodNotSupportedException: Request method 'GET' is not supported]
2025-04-10T09:57:03.949+09:00  WARN 14448 --- [ex01] [http-nio-8080-exec-7] .w.s.m.s.DefaultHandlerExceptionResolver : Resolved [org.springframework.web.HttpRequestMethodNotSupportedException: Request method 'GET' is not supported]
2025-04-10T09:57:25.936+09:00  WARN 14448 --- [ex01] [http-nio-8080-exec-10] .w.s.m.s.DefaultHandlerExceptionResolver : Resolved [org.springframework.web.HttpRequestMethodNotSupportedException: Request method 'GET' is not supported]
2025-04-10T09:57:25.942+09:00  WARN 14448 --- [ex01] [http-nio-8080-exec-1] .w.s.m.s.DefaultHandlerExceptionResolver : Resolved [org.springframework.web.HttpRequestMethodNotSupportedException: Request method 'GET' is not supported]
2025-04-10T09:57:35.015+09:00  WARN 14448 --- [ex01] [http-nio-8080-exec-4] .w.s.m.s.DefaultHandlerExceptionResolver : Resolved [org.springframework.web.HttpRequestMethodNotSupportedException: Request method 'GET' is not supported]
2025-04-10T09:57:35.019+09:00  WARN 14448 --- [ex01] [http-nio-8080-exec-5] .w.s.m.s.DefaultHandlerExceptionResolver : Resolved [org.springframework.web.HttpRequestMethodNotSupportedException: Request method 'GET' is not supported]
2025-04-10T09:58:56.121+09:00  WARN 14448 --- [ex01] [http-nio-8080-exec-10] .w.s.m.s.DefaultHandlerExceptionResolver : Resolved [org.springframework.web.HttpRequestMethodNotSupportedException: Request method 'GET' is not supported]
2025-04-10T09:58:56.127+09:00  WARN 14448 --- [ex01] [http-nio-8080-exec-1] .w.s.m.s.DefaultHandlerExceptionResolver : Resolved [org.springframework.web.HttpRequestMethodNotSupportedException: Request method 'GET' is not supported]
2025-04-10T09:59:56.045+09:00  INFO 14448 --- [ex01] [SpringApplicationShutdownHook] o.s.b.w.e.tomcat.GracefulShutdown        : Commencing graceful shutdown. Waiting for active requests to complete
2025-04-10T09:59:56.125+09:00  INFO 14448 --- [ex01] [tomcat-shutdown] o.s.b.w.e.tomcat.GracefulShutdown        : Graceful shutdown complete
2025-04-10T10:00:02.422+09:00  INFO 15068 --- [ex01] [restartedMain] com.example.ex01.Ex01Application         : Starting Ex01Application using Java 17.0.13 with PID 15068 (C:\MyWs\11_spring_boot\ex01\build\classes\java\main started by hi in C:\MyWs\11_spring_boot\ex01)
2025-04-10T10:00:02.424+09:00 DEBUG 15068 --- [ex01] [restartedMain] com.example.ex01.Ex01Application         : Running with Spring Boot v3.4.4, Spring v6.2.5
2025-04-10T10:00:02.425+09:00  INFO 15068 --- [ex01] [restartedMain] com.example.ex01.Ex01Application         : No active profile set, falling back to 1 default profile: "default"
2025-04-10T10:00:02.471+09:00  INFO 15068 --- [ex01] [restartedMain] .e.DevToolsPropertyDefaultsPostProcessor : Devtools property defaults active! Set 'spring.devtools.add-properties' to 'false' to disable
2025-04-10T10:00:02.471+09:00  INFO 15068 --- [ex01] [restartedMain] .e.DevToolsPropertyDefaultsPostProcessor : For additional web related logging consider setting the 'logging.level.web' property to 'DEBUG'
2025-04-10T10:00:03.464+09:00  INFO 15068 --- [ex01] [restartedMain] o.s.b.w.embedded.tomcat.TomcatWebServer  : Tomcat initialized with port 8080 (http)
2025-04-10T10:00:03.478+09:00  INFO 15068 --- [ex01] [restartedMain] o.apache.catalina.core.StandardService   : Starting service [Tomcat]
2025-04-10T10:00:03.479+09:00  INFO 15068 --- [ex01] [restartedMain] o.apache.catalina.core.StandardEngine    : Starting Servlet engine: [Apache Tomcat/10.1.39]
2025-04-10T10:00:03.527+09:00  INFO 15068 --- [ex01] [restartedMain] o.a.c.c.C.[Tomcat].[localhost].[/]       : Initializing Spring embedded WebApplicationContext
2025-04-10T10:00:03.528+09:00  INFO 15068 --- [ex01] [restartedMain] w.s.c.ServletWebServerApplicationContext : Root WebApplicationContext: initialization completed in 1056 ms
2025-04-10T10:00:03.953+09:00  INFO 15068 --- [ex01] [restartedMain] o.s.b.d.a.OptionalLiveReloadServer       : LiveReload server is running on port 35729
2025-04-10T10:00:03.986+09:00  INFO 15068 --- [ex01] [restartedMain] o.s.b.w.embedded.tomcat.TomcatWebServer  : Tomcat started on port 8080 (http) with context path '/'
2025-04-10T10:00:03.995+09:00  INFO 15068 --- [ex01] [restartedMain] com.example.ex01.Ex01Application         : Started Ex01Application in 2.098 seconds (process running for 2.854)
2025-04-10T10:00:09.113+09:00  INFO 15068 --- [ex01] [http-nio-8080-exec-1] o.a.c.c.C.[Tomcat].[localhost].[/]       : Initializing Spring DispatcherServlet 'dispatcherServlet'
2025-04-10T10:00:09.113+09:00  INFO 15068 --- [ex01] [http-nio-8080-exec-1] o.s.web.servlet.DispatcherServlet        : Initializing Servlet 'dispatcherServlet'
2025-04-10T10:00:09.114+09:00  INFO 15068 --- [ex01] [http-nio-8080-exec-1] o.s.web.servlet.DispatcherServlet        : Completed initialization in 1 ms
2025-04-10T10:00:10.220+09:00 DEBUG 15068 --- [ex01] [http-nio-8080-exec-3] c.e.ex01.controller.MemberController     : 받은 id aaa
2025-04-10T10:00:10.225+09:00 DEBUG 15068 --- [ex01] [http-nio-8080-exec-4] c.e.ex01.controller.MemberController     : 받은 id aaa
2025-04-10T10:05:47.040+09:00 DEBUG 15068 --- [ex01] [http-nio-8080-exec-9] c.e.ex01.controller.MemberController     : 받은 id aaa
2025-04-10T10:05:47.046+09:00 DEBUG 15068 --- [ex01] [http-nio-8080-exec-10] c.e.ex01.controller.MemberController     : 받은 id aaa
2025-04-10T10:05:54.982+09:00 DEBUG 15068 --- [ex01] [http-nio-8080-exec-3] c.e.ex01.controller.MemberController     : 받은 id bbb
2025-04-10T10:05:54.990+09:00 DEBUG 15068 --- [ex01] [http-nio-8080-exec-4] c.e.ex01.controller.MemberController     : 받은 id bbb
2025-04-10T10:06:59.758+09:00  INFO 15068 --- [ex01] [SpringApplicationShutdownHook] o.s.b.w.e.tomcat.GracefulShutdown        : Commencing graceful shutdown. Waiting for active requests to complete
2025-04-10T10:06:59.837+09:00  INFO 15068 --- [ex01] [tomcat-shutdown] o.s.b.w.e.tomcat.GracefulShutdown        : Graceful shutdown complete
2025-04-10T10:07:05.464+09:00  INFO 10760 --- [ex01] [restartedMain] com.example.ex01.Ex01Application         : Starting Ex01Application using Java 17.0.13 with PID 10760 (C:\MyWs\11_spring_boot\ex01\build\classes\java\main started by hi in C:\MyWs\11_spring_boot\ex01)
2025-04-10T10:07:05.466+09:00 DEBUG 10760 --- [ex01] [restartedMain] com.example.ex01.Ex01Application         : Running with Spring Boot v3.4.4, Spring v6.2.5
2025-04-10T10:07:05.467+09:00  INFO 10760 --- [ex01] [restartedMain] com.example.ex01.Ex01Application         : No active profile set, falling back to 1 default profile: "default"
2025-04-10T10:07:05.522+09:00  INFO 10760 --- [ex01] [restartedMain] .e.DevToolsPropertyDefaultsPostProcessor : Devtools property defaults active! Set 'spring.devtools.add-properties' to 'false' to disable
2025-04-10T10:07:05.522+09:00  INFO 10760 --- [ex01] [restartedMain] .e.DevToolsPropertyDefaultsPostProcessor : For additional web related logging consider setting the 'logging.level.web' property to 'DEBUG'
2025-04-10T10:07:06.508+09:00  INFO 10760 --- [ex01] [restartedMain] o.s.b.w.embedded.tomcat.TomcatWebServer  : Tomcat initialized with port 8080 (http)
2025-04-10T10:07:06.525+09:00  INFO 10760 --- [ex01] [restartedMain] o.apache.catalina.core.StandardService   : Starting service [Tomcat]
2025-04-10T10:07:06.525+09:00  INFO 10760 --- [ex01] [restartedMain] o.apache.catalina.core.StandardEngine    : Starting Servlet engine: [Apache Tomcat/10.1.39]
2025-04-10T10:07:06.570+09:00  INFO 10760 --- [ex01] [restartedMain] o.a.c.c.C.[Tomcat].[localhost].[/]       : Initializing Spring embedded WebApplicationContext
2025-04-10T10:07:06.571+09:00  INFO 10760 --- [ex01] [restartedMain] w.s.c.ServletWebServerApplicationContext : Root WebApplicationContext: initialization completed in 1047 ms
2025-04-10T10:07:06.955+09:00  INFO 10760 --- [ex01] [restartedMain] o.s.b.d.a.OptionalLiveReloadServer       : LiveReload server is running on port 35729
2025-04-10T10:07:06.986+09:00  INFO 10760 --- [ex01] [restartedMain] o.s.b.w.embedded.tomcat.TomcatWebServer  : Tomcat started on port 8080 (http) with context path '/'
2025-04-10T10:07:06.994+09:00  INFO 10760 --- [ex01] [restartedMain] com.example.ex01.Ex01Application         : Started Ex01Application in 2.146 seconds (process running for 3.38)
2025-04-10T10:07:12.910+09:00  INFO 10760 --- [ex01] [http-nio-8080-exec-1] o.a.c.c.C.[Tomcat].[localhost].[/]       : Initializing Spring DispatcherServlet 'dispatcherServlet'
2025-04-10T10:07:12.911+09:00  INFO 10760 --- [ex01] [http-nio-8080-exec-1] o.s.web.servlet.DispatcherServlet        : Initializing Servlet 'dispatcherServlet'
2025-04-10T10:07:12.912+09:00  INFO 10760 --- [ex01] [http-nio-8080-exec-1] o.s.web.servlet.DispatcherServlet        : Completed initialization in 1 ms
2025-04-10T10:07:12.976+09:00 DEBUG 10760 --- [ex01] [http-nio-8080-exec-1] c.e.ex01.controller.MemberController     : 받은 id aaa
2025-04-10T10:07:13.032+09:00 DEBUG 10760 --- [ex01] [http-nio-8080-exec-2] c.e.ex01.controller.MemberController     : 받은 id aaa
2025-04-10T10:07:18.414+09:00 DEBUG 10760 --- [ex01] [http-nio-8080-exec-5] c.e.ex01.controller.MemberController     : 받은 id aaa
2025-04-10T10:07:18.420+09:00 DEBUG 10760 --- [ex01] [http-nio-8080-exec-6] c.e.ex01.controller.MemberController     : 받은 id aaa
2025-04-10T10:08:58.983+09:00 DEBUG 10760 --- [ex01] [http-nio-8080-exec-1] c.e.ex01.controller.MemberController     : 받은 id bbb
2025-04-10T10:08:58.988+09:00 DEBUG 10760 --- [ex01] [http-nio-8080-exec-2] c.e.ex01.controller.MemberController     : 받은 id bbb
2025-04-10T10:09:01.776+09:00 DEBUG 10760 --- [ex01] [http-nio-8080-exec-5] c.e.ex01.controller.MemberController     : 받은 id ccc
2025-04-10T10:09:01.782+09:00 DEBUG 10760 --- [ex01] [http-nio-8080-exec-6] c.e.ex01.controller.MemberController     : 받은 id ccc
2025-04-10T10:10:20.156+09:00 DEBUG 10760 --- [ex01] [http-nio-8080-exec-8] c.e.ex01.controller.MemberController     : 받은 id ccc
2025-04-10T10:10:20.160+09:00 DEBUG 10760 --- [ex01] [http-nio-8080-exec-9] c.e.ex01.controller.MemberController     : 받은 id ccc
2025-04-10T10:10:21.591+09:00 DEBUG 10760 --- [ex01] [http-nio-8080-exec-10] c.e.ex01.controller.MemberController     : 받은 id ccc
2025-04-10T10:10:21.595+09:00 DEBUG 10760 --- [ex01] [http-nio-8080-exec-1] c.e.ex01.controller.MemberController     : 받은 id ccc
2025-04-10T10:10:22.940+09:00 DEBUG 10760 --- [ex01] [http-nio-8080-exec-3] c.e.ex01.controller.MemberController     : delete ccc
2025-04-10T10:10:24.454+09:00 DEBUG 10760 --- [ex01] [http-nio-8080-exec-6] c.e.ex01.controller.MemberController     : 받은 id bbb
2025-04-10T10:10:24.458+09:00 DEBUG 10760 --- [ex01] [http-nio-8080-exec-7] c.e.ex01.controller.MemberController     : 받은 id bbb
2025-04-10T10:10:25.729+09:00 DEBUG 10760 --- [ex01] [http-nio-8080-exec-8] c.e.ex01.controller.MemberController     : 받은 id bbb
2025-04-10T10:10:25.732+09:00 DEBUG 10760 --- [ex01] [http-nio-8080-exec-9] c.e.ex01.controller.MemberController     : 받은 id bbb
2025-04-10T10:11:01.297+09:00 DEBUG 10760 --- [ex01] [http-nio-8080-exec-2] c.e.ex01.controller.MemberController     : 받은 id aaa
2025-04-10T10:11:01.301+09:00 DEBUG 10760 --- [ex01] [http-nio-8080-exec-3] c.e.ex01.controller.MemberController     : 받은 id aaa
2025-04-10T10:11:02.350+09:00 DEBUG 10760 --- [ex01] [http-nio-8080-exec-4] c.e.ex01.controller.MemberController     : 받은 id aaa
2025-04-10T10:11:02.354+09:00 DEBUG 10760 --- [ex01] [http-nio-8080-exec-5] c.e.ex01.controller.MemberController     : 받은 id aaa
2025-04-10T10:11:59.797+09:00 DEBUG 10760 --- [ex01] [http-nio-8080-exec-8] c.e.ex01.controller.MemberController     : 받은 id aaa
2025-04-10T10:11:59.801+09:00 DEBUG 10760 --- [ex01] [http-nio-8080-exec-9] c.e.ex01.controller.MemberController     : 받은 id aaa
2025-04-10T10:16:52.289+09:00 DEBUG 10760 --- [ex01] [http-nio-8080-exec-1] c.e.ex01.controller.MemberController     : 받은 id aaa
2025-04-10T10:16:52.293+09:00 DEBUG 10760 --- [ex01] [http-nio-8080-exec-2] c.e.ex01.controller.MemberController     : 받은 id aaa
2025-04-10T10:23:41.464+09:00 DEBUG 10760 --- [ex01] [http-nio-8080-exec-8] c.e.ex01.controller.MemberController     : 받은 id aaa
2025-04-10T10:23:41.468+09:00 DEBUG 10760 --- [ex01] [http-nio-8080-exec-9] c.e.ex01.controller.MemberController     : 받은 id aaa
2025-04-10T10:23:42.770+09:00 DEBUG 10760 --- [ex01] [http-nio-8080-exec-10] c.e.ex01.controller.MemberController     : 받은 id aaa
2025-04-10T10:23:42.773+09:00 DEBUG 10760 --- [ex01] [http-nio-8080-exec-1] c.e.ex01.controller.MemberController     : 받은 id aaa
2025-04-10T10:23:46.618+09:00  WARN 10760 --- [ex01] [http-nio-8080-exec-3] .w.s.m.s.DefaultHandlerExceptionResolver : Resolved [org.springframework.http.converter.HttpMessageNotReadableException: Required request body is missing: public org.springframework.http.ResponseEntity com.example.ex01.controller.MemberController.update(java.lang.String,com.example.ex01.dto.MemberDTO)]
2025-04-10T10:24:38.238+09:00  INFO 10760 --- [ex01] [SpringApplicationShutdownHook] o.s.b.w.e.tomcat.GracefulShutdown        : Commencing graceful shutdown. Waiting for active requests to complete
2025-04-10T10:24:38.316+09:00  INFO 10760 --- [ex01] [tomcat-shutdown] o.s.b.w.e.tomcat.GracefulShutdown        : Graceful shutdown complete
2025-04-10T10:24:42.392+09:00  INFO 15064 --- [ex01] [restartedMain] com.example.ex01.Ex01Application         : Starting Ex01Application using Java 17.0.13 with PID 15064 (C:\MyWs\11_spring_boot\ex01\build\classes\java\main started by hi in C:\MyWs\11_spring_boot\ex01)
2025-04-10T10:24:42.394+09:00 DEBUG 15064 --- [ex01] [restartedMain] com.example.ex01.Ex01Application         : Running with Spring Boot v3.4.4, Spring v6.2.5
2025-04-10T10:24:42.395+09:00  INFO 15064 --- [ex01] [restartedMain] com.example.ex01.Ex01Application         : No active profile set, falling back to 1 default profile: "default"
2025-04-10T10:24:42.442+09:00  INFO 15064 --- [ex01] [restartedMain] .e.DevToolsPropertyDefaultsPostProcessor : Devtools property defaults active! Set 'spring.devtools.add-properties' to 'false' to disable
2025-04-10T10:24:42.442+09:00  INFO 15064 --- [ex01] [restartedMain] .e.DevToolsPropertyDefaultsPostProcessor : For additional web related logging consider setting the 'logging.level.web' property to 'DEBUG'
2025-04-10T10:24:43.426+09:00  INFO 15064 --- [ex01] [restartedMain] o.s.b.w.embedded.tomcat.TomcatWebServer  : Tomcat initialized with port 8080 (http)
2025-04-10T10:24:43.441+09:00  INFO 15064 --- [ex01] [restartedMain] o.apache.catalina.core.StandardService   : Starting service [Tomcat]
2025-04-10T10:24:43.441+09:00  INFO 15064 --- [ex01] [restartedMain] o.apache.catalina.core.StandardEngine    : Starting Servlet engine: [Apache Tomcat/10.1.39]
2025-04-10T10:24:43.488+09:00  INFO 15064 --- [ex01] [restartedMain] o.a.c.c.C.[Tomcat].[localhost].[/]       : Initializing Spring embedded WebApplicationContext
2025-04-10T10:24:43.488+09:00  INFO 15064 --- [ex01] [restartedMain] w.s.c.ServletWebServerApplicationContext : Root WebApplicationContext: initialization completed in 1045 ms
2025-04-10T10:24:43.866+09:00  INFO 15064 --- [ex01] [restartedMain] o.s.b.d.a.OptionalLiveReloadServer       : LiveReload server is running on port 35729
2025-04-10T10:24:43.898+09:00  INFO 15064 --- [ex01] [restartedMain] o.s.b.w.embedded.tomcat.TomcatWebServer  : Tomcat started on port 8080 (http) with context path '/'
2025-04-10T10:24:43.906+09:00  INFO 15064 --- [ex01] [restartedMain] com.example.ex01.Ex01Application         : Started Ex01Application in 2.058 seconds (process running for 2.738)
2025-04-10T10:25:18.475+09:00  INFO 15064 --- [ex01] [http-nio-8080-exec-1] o.a.c.c.C.[Tomcat].[localhost].[/]       : Initializing Spring DispatcherServlet 'dispatcherServlet'
2025-04-10T10:25:18.476+09:00  INFO 15064 --- [ex01] [http-nio-8080-exec-1] o.s.web.servlet.DispatcherServlet        : Initializing Servlet 'dispatcherServlet'
2025-04-10T10:25:18.477+09:00  INFO 15064 --- [ex01] [http-nio-8080-exec-1] o.s.web.servlet.DispatcherServlet        : Completed initialization in 1 ms
2025-04-10T10:25:18.595+09:00  WARN 15064 --- [ex01] [http-nio-8080-exec-1] .w.s.m.s.DefaultHandlerExceptionResolver : Resolved [org.springframework.http.converter.HttpMessageNotReadableException: Required request body is missing: public org.springframework.http.ResponseEntity com.example.ex01.controller.MemberController.update(java.lang.String,com.example.ex01.dto.MemberDTO)]
2025-04-10T10:36:49.290+09:00 DEBUG 15064 --- [ex01] [http-nio-8080-exec-2] c.e.ex01.controller.MemberController     : modify MemberDTO(username=aaa, password=aa, role=ROLE_api)
2025-04-10T10:36:49.292+09:00 DEBUG 15064 --- [ex01] [http-nio-8080-exec-2] c.e.ex01.controller.MemberController     : modify aaa
2025-04-10T10:36:49.312+09:00 DEBUG 15064 --- [ex01] [http-nio-8080-exec-3] c.e.ex01.controller.MemberController     : 받은 id aaa
2025-04-10T10:36:49.329+09:00 DEBUG 15064 --- [ex01] [http-nio-8080-exec-4] c.e.ex01.controller.MemberController     : 받은 id aaa
